d:\escritorio\motor_davidmartin\engine_v2\projects\vs_2019\x64\debug\engine_v2.pdb
d:\escritorio\motor_davidmartin\engine_v2\projects\vs_2019\x64\debug\engine_v2.idb
d:\escritorio\motor_davidmartin\engine_v2\projects\vs_2019\x64\debug\winmain.obj
d:\escritorio\motor_davidmartin\engine_v2\projects\vs_2019\x64\debug\window.obj
d:\escritorio\motor_davidmartin\engine_v2\projects\vs_2019\x64\debug\vector3.obj
d:\escritorio\motor_davidmartin\engine_v2\projects\vs_2019\x64\debug\transform_component.obj
d:\escritorio\motor_davidmartin\engine_v2\projects\vs_2019\x64\debug\taskrenderer.obj
d:\escritorio\motor_davidmartin\engine_v2\projects\vs_2019\x64\debug\task.obj
d:\escritorio\motor_davidmartin\engine_v2\projects\vs_2019\x64\debug\scene.obj
d:\escritorio\motor_davidmartin\engine_v2\projects\vs_2019\x64\debug\render_component.obj
d:\escritorio\motor_davidmartin\engine_v2\projects\vs_2019\x64\debug\player_controller.obj
d:\escritorio\motor_davidmartin\engine_v2\projects\vs_2019\x64\debug\message_observer.obj
d:\escritorio\motor_davidmartin\engine_v2\projects\vs_2019\x64\debug\message_dispatcher.obj
d:\escritorio\motor_davidmartin\engine_v2\projects\vs_2019\x64\debug\message.obj
d:\escritorio\motor_davidmartin\engine_v2\projects\vs_2019\x64\debug\mesh.obj
d:\escritorio\motor_davidmartin\engine_v2\projects\vs_2019\x64\debug\keyboard.obj
d:\escritorio\motor_davidmartin\engine_v2\projects\vs_2019\x64\debug\kernel.obj
d:\escritorio\motor_davidmartin\engine_v2\projects\vs_2019\x64\debug\input_task.obj
d:\escritorio\motor_davidmartin\engine_v2\projects\vs_2019\x64\debug\entity.obj
d:\escritorio\motor_davidmartin\engine_v2\projects\vs_2019\x64\debug\controller.obj
d:\escritorio\motor_davidmartin\engine_v2\projects\vs_2019\x64\debug\component.obj
d:\escritorio\motor_davidmartin\engine_v2\projects\vs_2019\x64\debug\audio.obj
d:\escritorio\motor_davidmartin\leagueoflegends\projects\vs_2019\x64\debug\engine_v2.lib
d:\escritorio\motor_davidmartin\engine_v2\projects\vs_2019\x64\debug\engine_v2.tlog\cl.command.1.tlog
d:\escritorio\motor_davidmartin\engine_v2\projects\vs_2019\x64\debug\engine_v2.tlog\cl.read.1.tlog
d:\escritorio\motor_davidmartin\engine_v2\projects\vs_2019\x64\debug\engine_v2.tlog\cl.write.1.tlog
d:\escritorio\motor_davidmartin\engine_v2\projects\vs_2019\x64\debug\engine_v2.tlog\lib-link.read.1.tlog
d:\escritorio\motor_davidmartin\engine_v2\projects\vs_2019\x64\debug\engine_v2.tlog\lib-link.write.1.tlog
d:\escritorio\motor_davidmartin\engine_v2\projects\vs_2019\x64\debug\engine_v2.tlog\lib.command.1.tlog
