d:\escritorio\motor_davidmartin\engine_v2\projects\vs_2019\x64\release\engine_v2.pdb
d:\escritorio\motor_davidmartin\engine_v2\projects\vs_2019\x64\release\task.obj
d:\escritorio\motor_davidmartin\engine_v2\projects\vs_2019\x64\release\sound_component.obj
d:\escritorio\motor_davidmartin\engine_v2\projects\vs_2019\x64\release\scene.obj
d:\escritorio\motor_davidmartin\engine_v2\projects\vs_2019\x64\release\render_component.obj
d:\escritorio\motor_davidmartin\engine_v2\projects\vs_2019\x64\release\player_controller.obj
d:\escritorio\motor_davidmartin\engine_v2\projects\vs_2019\x64\release\music_component.obj
d:\escritorio\motor_davidmartin\engine_v2\projects\vs_2019\x64\release\message_observer.obj
d:\escritorio\motor_davidmartin\engine_v2\projects\vs_2019\x64\release\message_dispatcher.obj
d:\escritorio\motor_davidmartin\engine_v2\projects\vs_2019\x64\release\message.obj
d:\escritorio\motor_davidmartin\engine_v2\projects\vs_2019\x64\release\mesh.obj
d:\escritorio\motor_davidmartin\engine_v2\projects\vs_2019\x64\release\keyboard.obj
d:\escritorio\motor_davidmartin\engine_v2\projects\vs_2019\x64\release\kernel.obj
d:\escritorio\motor_davidmartin\engine_v2\projects\vs_2019\x64\release\input_task.obj
d:\escritorio\motor_davidmartin\engine_v2\projects\vs_2019\x64\release\entity.obj
d:\escritorio\motor_davidmartin\engine_v2\projects\vs_2019\x64\release\cube.obj
d:\escritorio\motor_davidmartin\engine_v2\projects\vs_2019\x64\release\control_component.obj
d:\escritorio\motor_davidmartin\engine_v2\projects\vs_2019\x64\release\controller.obj
d:\escritorio\motor_davidmartin\engine_v2\projects\vs_2019\x64\release\component.obj
d:\escritorio\motor_davidmartin\engine_v2\projects\vs_2019\x64\release\audio_component.obj
d:\escritorio\motor_davidmartin\engine_v2\projects\vs_2019\x64\release\audio.obj
d:\escritorio\motor_davidmartin\engine_v2\projects\vs_2019\x64\release\winmain.obj
d:\escritorio\motor_davidmartin\engine_v2\projects\vs_2019\x64\release\window.obj
d:\escritorio\motor_davidmartin\engine_v2\projects\vs_2019\x64\release\vector3.obj
d:\escritorio\motor_davidmartin\engine_v2\projects\vs_2019\x64\release\transform_component.obj
d:\escritorio\motor_davidmartin\engine_v2\projects\vs_2019\x64\release\taskrenderer.obj
d:\escritorio\motor_davidmartin\leagueoflegends\projects\vs_2019\x64\release\engine_v2.lib
d:\escritorio\motor_davidmartin\engine_v2\projects\vs_2019\x64\release\engine_v2.tlog\cl.command.1.tlog
d:\escritorio\motor_davidmartin\engine_v2\projects\vs_2019\x64\release\engine_v2.tlog\cl.read.1.tlog
d:\escritorio\motor_davidmartin\engine_v2\projects\vs_2019\x64\release\engine_v2.tlog\cl.write.1.tlog
d:\escritorio\motor_davidmartin\engine_v2\projects\vs_2019\x64\release\engine_v2.tlog\lib-link.read.1.tlog
d:\escritorio\motor_davidmartin\engine_v2\projects\vs_2019\x64\release\engine_v2.tlog\lib-link.write.1.tlog
d:\escritorio\motor_davidmartin\engine_v2\projects\vs_2019\x64\release\engine_v2.tlog\lib.command.1.tlog
